[dotenv@17.2.1] injecting env (0) from .env -- tip: 🔐 encrypt with Dotenvx: https://dotenvx.com
AI App Generator running at http://localhost:3000
Instructions loaded successfully
Auth header received: Bearer 43ba6269-5458-4a73-b73a-f9276487534d
Token extracted: 43ba6269-5458-4a73-b73a-f9276487534d
Verify token result: {
  app_id: '737da44f-e060-46c5-a28b-c1e2803a4590',
  email: 'unseenmeli@gmail.com',
  id: '7075b745-f4f6-4d14-8298-e3118121f192',
  created_at: '2025-08-04T18:45:51Z',
  refresh_token: '43ba6269-5458-4a73-b73a-f9276487534d'
}
Auth header received: Bearer 43ba6269-5458-4a73-b73a-f9276487534d
Token extracted: 43ba6269-5458-4a73-b73a-f9276487534d
Verify token result: {
  app_id: '737da44f-e060-46c5-a28b-c1e2803a4590',
  email: 'unseenmeli@gmail.com',
  id: '7075b745-f4f6-4d14-8298-e3118121f192',
  created_at: '2025-08-04T18:45:51Z',
  refresh_token: '43ba6269-5458-4a73-b73a-f9276487534d'
}
Received request from: unseenmeli@gmail.com
Description: A Calculator app
Generated code successfully!
Auth header received: Bearer 43ba6269-5458-4a73-b73a-f9276487534d
Token extracted: 43ba6269-5458-4a73-b73a-f9276487534d
Verify token result: {
  app_id: '737da44f-e060-46c5-a28b-c1e2803a4590',
  email: 'unseenmeli@gmail.com',
  id: '7075b745-f4f6-4d14-8298-e3118121f192',
  created_at: '2025-08-04T18:45:51Z',
  refresh_token: '43ba6269-5458-4a73-b73a-f9276487534d'
}
Received request from: unseenmeli@gmail.com
Description: A simple counter app
Generated code successfully!
Auth header received: Bearer 43ba6269-5458-4a73-b73a-f9276487534d
Token extracted: 43ba6269-5458-4a73-b73a-f9276487534d
Verify token result: {
  app_id: '737da44f-e060-46c5-a28b-c1e2803a4590',
  email: 'unseenmeli@gmail.com',
  id: '7075b745-f4f6-4d14-8298-e3118121f192',
  created_at: '2025-08-04T18:45:51Z',
  refresh_token: '43ba6269-5458-4a73-b73a-f9276487534d'
}
Received request from: unseenmeli@gmail.com
Description: Make a really cool to do app.
Generated code successfully!
Auth header received: Bearer 43ba6269-5458-4a73-b73a-f9276487534d
Token extracted: 43ba6269-5458-4a73-b73a-f9276487534d
Verify token result: {
  app_id: '737da44f-e060-46c5-a28b-c1e2803a4590',
  email: 'unseenmeli@gmail.com',
  id: '7075b745-f4f6-4d14-8298-e3118121f192',
  created_at: '2025-08-04T18:45:51Z',
  refresh_token: '43ba6269-5458-4a73-b73a-f9276487534d'
}
Received request from: unseenmeli@gmail.com
Description: Make a cool to do app.
Generated code successfully!
Auth header received: Bearer 43ba6269-5458-4a73-b73a-f9276487534d
Token extracted: 43ba6269-5458-4a73-b73a-f9276487534d
Verify token result: {
  app_id: '737da44f-e060-46c5-a28b-c1e2803a4590',
  email: 'unseenmeli@gmail.com',
  id: '7075b745-f4f6-4d14-8298-e3118121f192',
  created_at: '2025-08-04T18:45:51Z',
  refresh_token: '43ba6269-5458-4a73-b73a-f9276487534d'
}
Received request from: unseenmeli@gmail.com
Description: Make the most simple count app. Press count +1.
Generated code successfully!
